<?xml version="1.0" encoding="UTF-8"?>
<!-- Generated by org.testng.reporters.JUnitReportReporter -->
<testsuite hostname="LTIN425900" failures="0" tests="2" name="testCase.RecieveMailTest" time="64.824" errors="0" timestamp="2024-01-09T16:24:56 IST" skipped="0">
  <testcase classname="testCase.RecieveMailTest" name="Gmaillogin" time="57.044"/>
  <testcase classname="testCase.RecieveMailTest" name="createAccount" time="7.780"/>
</testsuite> <!-- testCase.RecieveMailTest -->
