<?xml version="1.0" encoding="UTF-8"?>
<!-- Generated by org.testng.reporters.JUnitReportReporter -->
<testsuite hostname="LTIN425900" failures="0" tests="1" name="testCase.SendMailTest" time="17.639" errors="0" timestamp="2024-01-17T10:07:49 IST" skipped="0">
  <testcase classname="testCase.SendMailTest" name="sendMail" time="17.639"/>
</testsuite> <!-- testCase.SendMailTest -->
