<?xml version="1.0" encoding="UTF-8"?>
<!-- Generated by org.testng.reporters.JUnitReportReporter -->
<testsuite hostname="LTIN425900" failures="0" tests="1" name="testCase.RecieveMailTest" time="8.432" errors="0" timestamp="2024-01-08T18:20:05 IST" skipped="0">
  <testcase classname="testCase.RecieveMailTest" name="Gmaillogin" time="8.432"/>
</testsuite> <!-- testCase.RecieveMailTest -->
