<?xml version="1.0" encoding="UTF-8"?>
<!-- Generated by org.testng.reporters.JUnitReportReporter -->
<testsuite hostname="LTIN425900" failures="0" tests="1" name="testCase.SendMailTest" time="14.537" errors="0" timestamp="2024-01-10T15:52:44 IST" skipped="0">
  <testcase classname="testCase.SendMailTest" name="sendMail" time="14.537"/>
</testsuite> <!-- testCase.SendMailTest -->
