<?xml version="1.0" encoding="UTF-8"?>
<!-- Generated by org.testng.reporters.JUnitReportReporter -->
<testsuite hostname="LTIN425900" failures="0" tests="5" name="testCase.RecieveMailTest" time="122.317" errors="0" timestamp="2024-01-17T10:20:28 IST" skipped="0">
  <testcase classname="testCase.RecieveMailTest" name="Gmaillogin" time="20.982"/>
  <testcase classname="testCase.RecieveMailTest" name="createAccount" time="27.045"/>
  <testcase classname="testCase.RecieveMailTest" name="mainpage" time="38.990"/>
  <testcase classname="testCase.RecieveMailTest" name="searchFunctionality" time="11.569"/>
  <testcase classname="testCase.RecieveMailTest" name="addToCart" time="23.731"/>
</testsuite> <!-- testCase.RecieveMailTest -->
