<?xml version="1.0" encoding="UTF-8"?>
<!-- Generated by org.testng.reporters.JUnitReportReporter -->
<testsuite hostname="LTIN425900" failures="0" tests="1" name="testCase.AmazonTest" time="2.374" errors="0" timestamp="2024-01-08T18:20:39 IST" skipped="0">
  <testcase classname="testCase.AmazonTest" name="createAccount" time="2.374"/>
</testsuite> <!-- testCase.AmazonTest -->
