<?xml version="1.0" encoding="UTF-8"?>
<!-- Generated by org.testng.reporters.JUnitReportReporter -->
<testsuite hostname="LTIN425900" failures="0" tests="1" name="testCase.SendMailTest" time="21.717" errors="0" timestamp="2024-01-09T13:01:27 IST" skipped="0">
  <testcase classname="testCase.SendMailTest" name="sendMail" time="21.717"/>
</testsuite> <!-- testCase.SendMailTest -->
